mode: set
stockgame/cmd/data-loader/main.go:17.31,30.16 2 0
stockgame/cmd/data-loader/main.go:30.16,32.13 2 0
stockgame/cmd/data-loader/main.go:37.31,44.16 4 0
stockgame/cmd/data-loader/main.go:44.16,46.3 1 0
stockgame/cmd/data-loader/main.go:47.2,51.16 3 0
stockgame/cmd/data-loader/main.go:51.16,53.3 1 0
stockgame/cmd/data-loader/main.go:55.2,55.29 1 0
stockgame/cmd/data-loader/main.go:55.29,56.62 1 0
stockgame/cmd/data-loader/main.go:56.62,68.18 5 0
stockgame/cmd/data-loader/main.go:68.18,71.19 2 0
stockgame/cmd/data-loader/main.go:71.19,73.14 2 0
stockgame/cmd/data-loader/main.go:75.5,82.19 3 0
stockgame/cmd/data-loader/main.go:82.19,84.14 2 0
stockgame/cmd/data-loader/main.go:86.5,87.19 2 0
stockgame/cmd/data-loader/main.go:87.19,89.6 1 0
stockgame/cmd/data-loader/main.go:93.4,94.18 2 0
stockgame/cmd/data-loader/main.go:94.18,96.5 1 0
stockgame/cmd/data-loader/main.go:98.4,98.54 1 0
stockgame/cmd/data-loader/main.go:102.2,103.55 2 0
stockgame/cmd/data-loader/main.go:107.53,111.16 3 0
stockgame/cmd/data-loader/main.go:111.16,113.3 1 0
stockgame/cmd/data-loader/main.go:114.2,117.16 3 0
stockgame/cmd/data-loader/main.go:117.16,119.3 1 0
stockgame/cmd/data-loader/main.go:120.2,127.6 5 0
stockgame/cmd/data-loader/main.go:127.6,129.20 2 0
stockgame/cmd/data-loader/main.go:129.20,130.9 1 0
stockgame/cmd/data-loader/main.go:132.3,132.17 1 0
stockgame/cmd/data-loader/main.go:132.17,134.4 1 0
stockgame/cmd/data-loader/main.go:137.3,137.49 1 0
stockgame/cmd/data-loader/main.go:137.49,139.4 1 0
stockgame/cmd/data-loader/main.go:142.2,142.26 1 0
stockgame/cmd/data-loader/main.go:146.46,147.26 1 0
stockgame/cmd/data-loader/main.go:147.26,148.35 1 0
stockgame/cmd/data-loader/main.go:148.35,150.4 1 0
stockgame/cmd/data-loader/main.go:152.2,152.13 1 0
stockgame/cmd/data-loader/main.go:154.13,164.2 5 0
stockgame/cmd/api-server/main.go:18.32,22.2 2 0
stockgame/cmd/api-server/main.go:24.42,29.59 4 0
stockgame/cmd/api-server/main.go:29.59,32.3 2 0
stockgame/cmd/api-server/main.go:34.2,35.16 2 0
stockgame/cmd/api-server/main.go:35.16,38.3 2 0
stockgame/cmd/api-server/main.go:39.2,40.16 2 0
stockgame/cmd/api-server/main.go:40.16,43.3 2 0
stockgame/cmd/api-server/main.go:44.2,44.48 1 0
stockgame/cmd/api-server/main.go:44.48,47.3 2 0
stockgame/cmd/api-server/main.go:48.2,49.38 2 0
stockgame/cmd/api-server/main.go:52.31,56.50 2 0
stockgame/cmd/api-server/main.go:56.50,59.3 2 0
stockgame/cmd/api-server/main.go:61.2,64.42 4 0
stockgame/cmd/api-server/main.go:64.42,67.3 2 0
stockgame/cmd/api-server/main.go:70.2,82.49 7 0
stockgame/cmd/api-server/main.go:84.13,86.16 2 0
stockgame/cmd/api-server/main.go:86.16,87.35 1 0
stockgame/cmd/api-server/main.go:89.2,93.34 4 0
stockgame/cmd/api-server/main.go:93.34,99.36 5 0
stockgame/cmd/api-server/main.go:99.36,102.4 2 0
stockgame/cmd/api-server/main.go:103.3,103.11 1 0
stockgame/cmd/api-server/main.go:105.2,109.47 4 0
stockgame/cmd/api-server/main.go:18.32,22.2 2 0
stockgame/cmd/api-server/main.go:24.42,29.59 4 0
stockgame/cmd/api-server/main.go:29.59,32.3 2 0
stockgame/cmd/api-server/main.go:34.2,35.16 2 0
stockgame/cmd/api-server/main.go:35.16,38.3 2 0
stockgame/cmd/api-server/main.go:39.2,40.16 2 0
stockgame/cmd/api-server/main.go:40.16,43.3 2 0
stockgame/cmd/api-server/main.go:44.2,44.48 1 0
stockgame/cmd/api-server/main.go:44.48,47.3 2 0
stockgame/cmd/api-server/main.go:48.2,49.38 2 0
stockgame/cmd/api-server/main.go:52.31,56.50 2 0
stockgame/cmd/api-server/main.go:56.50,59.3 2 0
stockgame/cmd/api-server/main.go:61.2,64.42 4 0
stockgame/cmd/api-server/main.go:64.42,67.3 2 0
stockgame/cmd/api-server/main.go:70.2,82.49 7 0
stockgame/cmd/api-server/main.go:84.13,86.16 2 0
stockgame/cmd/api-server/main.go:86.16,87.35 1 0
stockgame/cmd/api-server/main.go:89.2,93.34 4 0
stockgame/cmd/api-server/main.go:93.34,99.36 5 0
stockgame/cmd/api-server/main.go:99.36,102.4 2 0
stockgame/cmd/api-server/main.go:103.3,103.11 1 0
stockgame/cmd/api-server/main.go:105.2,109.47 4 0
stockgame/cmd/data-loader/main.go:17.31,30.16 2 0
stockgame/cmd/data-loader/main.go:30.16,32.13 2 0
stockgame/cmd/data-loader/main.go:37.31,44.16 4 0
stockgame/cmd/data-loader/main.go:44.16,46.3 1 0
stockgame/cmd/data-loader/main.go:47.2,51.16 3 0
stockgame/cmd/data-loader/main.go:51.16,53.3 1 0
stockgame/cmd/data-loader/main.go:55.2,55.29 1 0
stockgame/cmd/data-loader/main.go:55.29,56.62 1 0
stockgame/cmd/data-loader/main.go:56.62,68.18 5 0
stockgame/cmd/data-loader/main.go:68.18,71.19 2 0
stockgame/cmd/data-loader/main.go:71.19,73.14 2 0
stockgame/cmd/data-loader/main.go:75.5,82.19 3 0
stockgame/cmd/data-loader/main.go:82.19,84.14 2 0
stockgame/cmd/data-loader/main.go:86.5,87.19 2 0
stockgame/cmd/data-loader/main.go:87.19,89.6 1 0
stockgame/cmd/data-loader/main.go:93.4,94.18 2 0
stockgame/cmd/data-loader/main.go:94.18,96.5 1 0
stockgame/cmd/data-loader/main.go:98.4,98.54 1 0
stockgame/cmd/data-loader/main.go:102.2,103.55 2 0
stockgame/cmd/data-loader/main.go:107.53,111.16 3 0
stockgame/cmd/data-loader/main.go:111.16,113.3 1 0
stockgame/cmd/data-loader/main.go:114.2,117.16 3 0
stockgame/cmd/data-loader/main.go:117.16,119.3 1 0
stockgame/cmd/data-loader/main.go:120.2,127.6 5 0
stockgame/cmd/data-loader/main.go:127.6,129.20 2 0
stockgame/cmd/data-loader/main.go:129.20,130.9 1 0
stockgame/cmd/data-loader/main.go:132.3,132.17 1 0
stockgame/cmd/data-loader/main.go:132.17,134.4 1 0
stockgame/cmd/data-loader/main.go:137.3,137.49 1 0
stockgame/cmd/data-loader/main.go:137.49,139.4 1 0
stockgame/cmd/data-loader/main.go:142.2,142.26 1 0
stockgame/cmd/data-loader/main.go:146.46,147.26 1 0
stockgame/cmd/data-loader/main.go:147.26,148.35 1 0
stockgame/cmd/data-loader/main.go:148.35,150.4 1 0
stockgame/cmd/data-loader/main.go:152.2,152.13 1 0
stockgame/cmd/data-loader/main.go:154.13,164.2 5 0
stockgame/internal/dataaccess/stock.go:9.53,18.16 4 0
stockgame/internal/dataaccess/stock.go:18.16,21.3 2 0
stockgame/internal/dataaccess/stock.go:22.2,24.18 3 0
stockgame/internal/dataaccess/stock.go:24.18,27.17 3 0
stockgame/internal/dataaccess/stock.go:27.17,29.12 2 0
stockgame/internal/dataaccess/stock.go:31.3,32.11 2 0
stockgame/internal/dataaccess/stock.go:35.2,35.15 1 0
stockgame/internal/dataaccess/stock.go:38.39,45.16 4 0
stockgame/internal/dataaccess/stock.go:45.16,48.3 2 0
stockgame/internal/dataaccess/stock.go:49.2,51.18 3 0
stockgame/internal/dataaccess/stock.go:51.18,53.44 2 0
stockgame/internal/dataaccess/stock.go:53.44,55.12 2 0
stockgame/internal/dataaccess/stock.go:57.3,57.36 1 0
stockgame/internal/dataaccess/stock.go:59.2,59.16 1 0
stockgame/internal/dataaccess/stock.go:62.98,73.16 4 0
stockgame/internal/dataaccess/stock.go:73.16,76.3 2 0
stockgame/internal/dataaccess/stock.go:77.2,79.18 3 0
stockgame/internal/dataaccess/stock.go:79.18,82.17 3 0
stockgame/internal/dataaccess/stock.go:82.17,84.12 2 0
stockgame/internal/dataaccess/stock.go:86.3,87.11 2 0
stockgame/internal/dataaccess/stock.go:90.2,90.15 1 0
stockgame/internal/dataaccess/stock.go:93.72,104.16 4 0
stockgame/internal/dataaccess/stock.go:104.16,107.3 2 0
stockgame/internal/dataaccess/stock.go:108.2,110.18 3 0
stockgame/internal/dataaccess/stock.go:110.18,113.17 3 0
stockgame/internal/dataaccess/stock.go:113.17,115.12 2 0
stockgame/internal/dataaccess/stock.go:117.3,118.11 2 0
stockgame/internal/dataaccess/stock.go:121.2,121.15 1 0
stockgame/internal/dataaccess/stock.go:124.79,135.16 4 0
stockgame/internal/dataaccess/stock.go:135.16,138.3 2 0
stockgame/internal/dataaccess/stock.go:139.2,141.18 3 0
stockgame/internal/dataaccess/stock.go:141.18,144.17 3 0
stockgame/internal/dataaccess/stock.go:144.17,146.12 2 0
stockgame/internal/dataaccess/stock.go:148.3,149.11 2 0
stockgame/internal/dataaccess/stock.go:152.2,152.15 1 0
stockgame/internal/database/db.go:15.30,18.9 2 0
stockgame/internal/database/db.go:18.9,19.40 1 0
stockgame/internal/database/db.go:23.2,24.12 2 0
stockgame/internal/database/db.go:28.18,35.16 5 0
stockgame/internal/database/db.go:35.16,37.13 2 0
stockgame/internal/database/db.go:40.2,40.38 1 0
stockgame/internal/database/db.go:43.16,44.15 1 0
stockgame/internal/database/db.go:44.15,46.3 1 0
stockgame/internal/database/db.go:50.22,51.15 1 0
stockgame/internal/database/db.go:51.15,53.38 2 0
stockgame/internal/database/db.go:56.2,56.11 1 0
stockgame/internal/logic/score.go:8.127,15.55 4 1
stockgame/internal/logic/score.go:15.55,17.3 1 0
stockgame/internal/logic/score.go:18.2,18.39 1 1
stockgame/internal/logic/score.go:18.39,19.32 1 1
stockgame/internal/logic/score.go:19.32,20.9 1 0
stockgame/internal/logic/score.go:22.3,24.88 2 1
stockgame/internal/logic/score.go:24.88,26.4 1 1
stockgame/internal/logic/score.go:29.3,29.90 1 1
stockgame/internal/logic/score.go:29.90,31.4 1 1
stockgame/internal/logic/score.go:33.3,33.90 1 1
stockgame/internal/logic/score.go:33.90,35.4 1 1
stockgame/internal/logic/score.go:37.3,37.71 1 1
stockgame/internal/logic/score.go:37.71,38.104 1 0
stockgame/internal/logic/score.go:38.104,40.5 1 0
stockgame/internal/logic/score.go:46.2,48.42 3 1
stockgame/internal/logic/score.go:48.42,50.3 1 1
stockgame/internal/logic/score.go:51.2,51.14 1 1
stockgame/internal/logic/score.go:54.95,55.26 1 1
stockgame/internal/logic/score.go:55.26,57.3 1 0
stockgame/internal/logic/score.go:59.2,62.55 3 1
stockgame/internal/logic/score.go:62.55,63.16 1 1
stockgame/internal/logic/score.go:63.16,64.12 1 0
stockgame/internal/logic/score.go:68.3,69.32 2 1
stockgame/internal/logic/score.go:69.32,71.4 1 1
stockgame/internal/logic/score.go:72.3,76.32 3 1
stockgame/internal/logic/score.go:76.32,79.4 2 1
stockgame/internal/logic/score.go:80.3,91.4 4 1
stockgame/internal/logic/score.go:94.2,94.21 1 1
stockgame/internal/service/stock.go:9.71,11.32 2 0
stockgame/internal/service/stock.go:11.32,13.3 1 0
stockgame/internal/service/stock.go:14.2,15.43 2 0
stockgame/internal/service/stock.go:18.95,21.2 2 0
stockgame/internal/service/stock.go:23.78,26.2 2 0
stockgame/internal/service/stock.go:28.72,31.2 2 0
stockgame/internal/service/stock.go:33.52,38.2 4 0
stockgame/internal/service/stock.go:40.45,43.2 2 0
stockgame/internal/database/db.go:15.30,18.9 2 0
stockgame/internal/database/db.go:18.9,19.40 1 0
stockgame/internal/database/db.go:23.2,24.12 2 0
stockgame/internal/database/db.go:28.18,35.16 5 0
stockgame/internal/database/db.go:35.16,37.13 2 0
stockgame/internal/database/db.go:40.2,40.38 1 0
stockgame/internal/database/db.go:43.16,44.15 1 0
stockgame/internal/database/db.go:44.15,46.3 1 0
stockgame/internal/database/db.go:50.22,51.15 1 0
stockgame/internal/database/db.go:51.15,53.38 2 0
stockgame/internal/database/db.go:56.2,56.11 1 0
stockgame/cmd/api-server/main.go:18.32,22.2 2 0
stockgame/cmd/api-server/main.go:24.42,29.59 4 0
stockgame/cmd/api-server/main.go:29.59,32.3 2 0
stockgame/cmd/api-server/main.go:34.2,35.16 2 0
stockgame/cmd/api-server/main.go:35.16,38.3 2 0
stockgame/cmd/api-server/main.go:39.2,40.16 2 0
stockgame/cmd/api-server/main.go:40.16,43.3 2 0
stockgame/cmd/api-server/main.go:44.2,44.48 1 0
stockgame/cmd/api-server/main.go:44.48,47.3 2 0
stockgame/cmd/api-server/main.go:48.2,49.38 2 0
stockgame/cmd/api-server/main.go:52.31,56.50 2 0
stockgame/cmd/api-server/main.go:56.50,59.3 2 0
stockgame/cmd/api-server/main.go:61.2,64.42 4 0
stockgame/cmd/api-server/main.go:64.42,67.3 2 0
stockgame/cmd/api-server/main.go:70.2,82.49 7 0
stockgame/cmd/api-server/main.go:84.13,86.16 2 0
stockgame/cmd/api-server/main.go:86.16,87.35 1 0
stockgame/cmd/api-server/main.go:89.2,93.34 4 0
stockgame/cmd/api-server/main.go:93.34,99.36 5 0
stockgame/cmd/api-server/main.go:99.36,102.4 2 0
stockgame/cmd/api-server/main.go:103.3,103.11 1 0
stockgame/cmd/api-server/main.go:105.2,109.47 4 0
stockgame/cmd/data-loader/main.go:17.31,30.16 2 0
stockgame/cmd/data-loader/main.go:30.16,32.13 2 0
stockgame/cmd/data-loader/main.go:37.31,44.16 4 0
stockgame/cmd/data-loader/main.go:44.16,46.3 1 0
stockgame/cmd/data-loader/main.go:47.2,51.16 3 0
stockgame/cmd/data-loader/main.go:51.16,53.3 1 0
stockgame/cmd/data-loader/main.go:55.2,55.29 1 0
stockgame/cmd/data-loader/main.go:55.29,56.62 1 0
stockgame/cmd/data-loader/main.go:56.62,68.18 5 0
stockgame/cmd/data-loader/main.go:68.18,71.19 2 0
stockgame/cmd/data-loader/main.go:71.19,73.14 2 0
stockgame/cmd/data-loader/main.go:75.5,82.19 3 0
stockgame/cmd/data-loader/main.go:82.19,84.14 2 0
stockgame/cmd/data-loader/main.go:86.5,87.19 2 0
stockgame/cmd/data-loader/main.go:87.19,89.6 1 0
stockgame/cmd/data-loader/main.go:93.4,94.18 2 0
stockgame/cmd/data-loader/main.go:94.18,96.5 1 0
stockgame/cmd/data-loader/main.go:98.4,98.54 1 0
stockgame/cmd/data-loader/main.go:102.2,103.55 2 0
stockgame/cmd/data-loader/main.go:107.53,111.16 3 0
stockgame/cmd/data-loader/main.go:111.16,113.3 1 0
stockgame/cmd/data-loader/main.go:114.2,117.16 3 0
stockgame/cmd/data-loader/main.go:117.16,119.3 1 0
stockgame/cmd/data-loader/main.go:120.2,127.6 5 0
stockgame/cmd/data-loader/main.go:127.6,129.20 2 0
stockgame/cmd/data-loader/main.go:129.20,130.9 1 0
stockgame/cmd/data-loader/main.go:132.3,132.17 1 0
stockgame/cmd/data-loader/main.go:132.17,134.4 1 0
stockgame/cmd/data-loader/main.go:137.3,137.49 1 0
stockgame/cmd/data-loader/main.go:137.49,139.4 1 0
stockgame/cmd/data-loader/main.go:142.2,142.26 1 0
stockgame/cmd/data-loader/main.go:146.46,147.26 1 0
stockgame/cmd/data-loader/main.go:147.26,148.35 1 0
stockgame/cmd/data-loader/main.go:148.35,150.4 1 0
stockgame/cmd/data-loader/main.go:152.2,152.13 1 0
stockgame/cmd/data-loader/main.go:154.13,164.2 5 0
stockgame/internal/dataaccess/stock.go:9.53,18.16 4 0
stockgame/internal/dataaccess/stock.go:18.16,21.3 2 0
stockgame/internal/dataaccess/stock.go:22.2,24.18 3 0
stockgame/internal/dataaccess/stock.go:24.18,27.17 3 0
stockgame/internal/dataaccess/stock.go:27.17,29.12 2 0
stockgame/internal/dataaccess/stock.go:31.3,32.11 2 0
stockgame/internal/dataaccess/stock.go:35.2,35.15 1 0
stockgame/internal/dataaccess/stock.go:38.39,45.16 4 1
stockgame/internal/dataaccess/stock.go:45.16,48.3 2 0
stockgame/internal/dataaccess/stock.go:49.2,51.18 3 1
stockgame/internal/dataaccess/stock.go:51.18,53.44 2 1
stockgame/internal/dataaccess/stock.go:53.44,55.12 2 0
stockgame/internal/dataaccess/stock.go:57.3,57.36 1 1
stockgame/internal/dataaccess/stock.go:59.2,59.16 1 1
stockgame/internal/dataaccess/stock.go:62.98,73.16 4 0
stockgame/internal/dataaccess/stock.go:73.16,76.3 2 0
stockgame/internal/dataaccess/stock.go:77.2,79.18 3 0
stockgame/internal/dataaccess/stock.go:79.18,82.17 3 0
stockgame/internal/dataaccess/stock.go:82.17,84.12 2 0
stockgame/internal/dataaccess/stock.go:86.3,87.11 2 0
stockgame/internal/dataaccess/stock.go:90.2,90.15 1 0
stockgame/internal/dataaccess/stock.go:93.72,104.16 4 0
stockgame/internal/dataaccess/stock.go:104.16,107.3 2 0
stockgame/internal/dataaccess/stock.go:108.2,110.18 3 0
stockgame/internal/dataaccess/stock.go:110.18,113.17 3 0
stockgame/internal/dataaccess/stock.go:113.17,115.12 2 0
stockgame/internal/dataaccess/stock.go:117.3,118.11 2 0
stockgame/internal/dataaccess/stock.go:121.2,121.15 1 0
stockgame/internal/dataaccess/stock.go:124.79,135.16 4 0
stockgame/internal/dataaccess/stock.go:135.16,138.3 2 0
stockgame/internal/dataaccess/stock.go:139.2,141.18 3 0
stockgame/internal/dataaccess/stock.go:141.18,144.17 3 0
stockgame/internal/dataaccess/stock.go:144.17,146.12 2 0
stockgame/internal/dataaccess/stock.go:148.3,149.11 2 0
stockgame/internal/dataaccess/stock.go:152.2,152.15 1 0
stockgame/internal/database/db.go:15.30,18.9 2 1
stockgame/internal/database/db.go:18.9,19.40 1 0
stockgame/internal/database/db.go:23.2,24.12 2 1
stockgame/internal/database/db.go:28.18,35.16 5 1
stockgame/internal/database/db.go:35.16,37.13 2 0
stockgame/internal/database/db.go:40.2,40.38 1 1
stockgame/internal/database/db.go:43.16,44.15 1 0
stockgame/internal/database/db.go:44.15,46.3 1 0
stockgame/internal/database/db.go:50.22,51.15 1 1
stockgame/internal/database/db.go:51.15,53.38 2 0
stockgame/internal/database/db.go:56.2,56.11 1 1
stockgame/internal/logic/score.go:8.127,15.55 4 0
stockgame/internal/logic/score.go:15.55,17.3 1 0
stockgame/internal/logic/score.go:18.2,18.39 1 0
stockgame/internal/logic/score.go:18.39,19.32 1 0
stockgame/internal/logic/score.go:19.32,20.9 1 0
stockgame/internal/logic/score.go:22.3,24.88 2 0
stockgame/internal/logic/score.go:24.88,26.4 1 0
stockgame/internal/logic/score.go:29.3,29.90 1 0
stockgame/internal/logic/score.go:29.90,31.4 1 0
stockgame/internal/logic/score.go:33.3,33.90 1 0
stockgame/internal/logic/score.go:33.90,35.4 1 0
stockgame/internal/logic/score.go:37.3,37.71 1 0
stockgame/internal/logic/score.go:37.71,38.104 1 0
stockgame/internal/logic/score.go:38.104,40.5 1 0
stockgame/internal/logic/score.go:46.2,48.42 3 0
stockgame/internal/logic/score.go:48.42,50.3 1 0
stockgame/internal/logic/score.go:51.2,51.14 1 0
stockgame/internal/logic/score.go:54.95,55.26 1 0
stockgame/internal/logic/score.go:55.26,57.3 1 0
stockgame/internal/logic/score.go:59.2,62.55 3 0
stockgame/internal/logic/score.go:62.55,63.16 1 0
stockgame/internal/logic/score.go:63.16,64.12 1 0
stockgame/internal/logic/score.go:68.3,69.32 2 0
stockgame/internal/logic/score.go:69.32,71.4 1 0
stockgame/internal/logic/score.go:72.3,76.32 3 0
stockgame/internal/logic/score.go:76.32,79.4 2 0
stockgame/internal/logic/score.go:80.3,91.4 4 0
stockgame/internal/logic/score.go:94.2,94.21 1 0
stockgame/internal/service/stock.go:9.71,11.32 2 0
stockgame/internal/service/stock.go:11.32,13.3 1 0
stockgame/internal/service/stock.go:14.2,15.43 2 0
stockgame/internal/service/stock.go:18.95,21.2 2 0
stockgame/internal/service/stock.go:23.78,26.2 2 0
stockgame/internal/service/stock.go:28.72,31.2 2 0
stockgame/internal/service/stock.go:33.52,38.2 4 0
stockgame/internal/service/stock.go:40.45,43.2 2 0
